<?xml version="1.0" encoding="utf-8"?><testsuites><testsuite name="pytest" errors="0" failures="0" skipped="0" tests="7" time="1.112" timestamp="2024-05-23T17:16:21.620348" hostname="Esthers-MacBook-Pro.local"><testcase classname="tests.test_mtcdb.test_preprocess.test_firing_rates" name="test_extract_trial" time="0.000" /><testcase classname="tests.test_mtcdb.test_preprocess.test_firing_rates" name="test_slice_epoch" time="0.000" /><testcase classname="tests.test_mtcdb.test_preprocess.test_firing_rates" name="test_bin_spikes" time="0.000" /><testcase classname="tests.test_mtcdb.test_preprocess.test_firing_rates" name="test_smooth" time="0.000" /><testcase classname="tests.test_mtcdb.test_utils.test_sequences" name="test_unique[list]" time="0.000" /><testcase classname="tests.test_mtcdb.test_utils.test_sequences" name="test_unique[tuple]" time="0.000" /><testcase classname="tests.test_mtcdb.test_utils.test_sequences" name="test_unique[np.array]" time="0.000" /></testsuite></testsuites>