<?xml version="1.0" encoding="utf-8"?><testsuites><testsuite name="pytest" errors="0" failures="0" skipped="0" tests="5" time="1.192" timestamp="2024-05-23T15:40:48.400595" hostname="Esthers-MacBook-Pro.local"><testcase classname="tests.test_mtcdb.test_preprocess.test_firing_rates" name="test_bin_spikes" time="0.000" /><testcase classname="tests.test_mtcdb.test_preprocess.test_firing_rates" name="test_smooth" time="0.000" /><testcase classname="tests.test_mtcdb.test_utils.test_sequences" name="test_unique[list]" time="0.000" /><testcase classname="tests.test_mtcdb.test_utils.test_sequences" name="test_unique[tuple]" time="0.000" /><testcase classname="tests.test_mtcdb.test_utils.test_sequences" name="test_unique[np.array]" time="0.000" /></testsuite></testsuites>